1667575638653	geckodriver	INFO	Listening on 127.0.0.1:58403
1667575638718	mozrunner::runner	INFO	Running command: "/usr/bin/firefox" "--marionette" "--remote-debugging-port" "37921" "--remote-allow-hosts" "localhost" "-no-remote" "-profile" "/tmp/rust_mozprofileoHHNsq"
[GFX1-]: glxtest: libEGL missing methods for GL test
[GFX1-]: glxtest: libEGL missing eglGetDisplayDriverName
1667575639460	Marionette	INFO	Marionette enabled
1667575639465	Marionette	INFO	Listening on port 39241
Read port: 39241
WebDriver BiDi listening on ws://127.0.0.1:37921
1667575639609	RemoteAgent	WARN	TLS certificate errors will be ignored for this session
console.warn: SearchSettings: "get: No settings file exists, new profile?" (new NotFoundError("Could not open the file at /tmp/rust_mozprofileoHHNsq/search.json.mozlz4", (void 0)))
DevTools listening on ws://127.0.0.1:37921/devtools/browser/5f0fa014-49ac-462e-ac48-9fcceeb595a2
1667575647869	Marionette	INFO	Stopped listening on port 39241
console.warn: TopSitesFeed: Failed to fetch data from Contile server: NetworkError when attempting to fetch resource.
1667575767379	geckodriver	INFO	Listening on 127.0.0.1:43065
1667575767420	mozrunner::runner	INFO	Running command: "/usr/bin/firefox" "--marionette" "--remote-debugging-port" "52189" "--remote-allow-hosts" "localhost" "-no-remote" "-profile" "/tmp/rust_mozprofileoVolGg"
[GFX1-]: glxtest: libEGL missing methods for GL test
[GFX1-]: glxtest: libEGL missing eglGetDisplayDriverName
1667575768236	Marionette	INFO	Marionette enabled
1667575768241	Marionette	INFO	Listening on port 33947
Read port: 33947
WebDriver BiDi listening on ws://127.0.0.1:52189
1667575768395	RemoteAgent	WARN	TLS certificate errors will be ignored for this session
console.warn: SearchSettings: "get: No settings file exists, new profile?" (new NotFoundError("Could not open the file at /tmp/rust_mozprofileoVolGg/search.json.mozlz4", (void 0)))
DevTools listening on ws://127.0.0.1:52189/devtools/browser/a06b149b-c178-48f3-b70a-719811fb18af
1667576324153	geckodriver	INFO	Listening on 127.0.0.1:60905
1667576324214	mozrunner::runner	INFO	Running command: "/usr/bin/firefox" "--marionette" "--remote-debugging-port" "47171" "--remote-allow-hosts" "localhost" "-no-remote" "-profile" "/tmp/rust_mozprofilexgRLNb"
[GFX1-]: glxtest: libEGL missing methods for GL test
[GFX1-]: glxtest: libEGL missing eglGetDisplayDriverName
1667576325005	Marionette	INFO	Marionette enabled
1667576325014	Marionette	INFO	Listening on port 36517
Read port: 36517
WebDriver BiDi listening on ws://127.0.0.1:47171
1667576325151	RemoteAgent	WARN	TLS certificate errors will be ignored for this session
console.warn: SearchSettings: "get: No settings file exists, new profile?" (new NotFoundError("Could not open the file at /tmp/rust_mozprofilexgRLNb/search.json.mozlz4", (void 0)))
DevTools listening on ws://127.0.0.1:47171/devtools/browser/bcf9e87b-9283-41ec-9693-febbf52234ff
1667576536377	geckodriver	INFO	Listening on 127.0.0.1:36207
1667576536438	mozrunner::runner	INFO	Running command: "/usr/bin/firefox" "--marionette" "--remote-debugging-port" "54919" "--remote-allow-hosts" "localhost" "-no-remote" "-profile" "/tmp/rust_mozprofileGo6FK8"
[GFX1-]: glxtest: libEGL missing methods for GL test
[GFX1-]: glxtest: libEGL missing eglGetDisplayDriverName
1667576537177	Marionette	INFO	Marionette enabled
1667576537183	Marionette	INFO	Listening on port 44769
Read port: 44769
WebDriver BiDi listening on ws://127.0.0.1:54919
1667576537314	RemoteAgent	WARN	TLS certificate errors will be ignored for this session
console.warn: SearchSettings: "get: No settings file exists, new profile?" (new NotFoundError("Could not open the file at /tmp/rust_mozprofileGo6FK8/search.json.mozlz4", (void 0)))
DevTools listening on ws://127.0.0.1:54919/devtools/browser/c209e4bc-a450-45b1-928f-7deefc394ec3
1667576551413	Marionette	INFO	Stopped listening on port 44769
console.warn: TopSitesFeed: Failed to fetch data from Contile server: NetworkError when attempting to fetch resource.
JavaScript error: resource://gre/modules/AsyncShutdown.jsm, line 576: NotFoundError: No such JSWindowActor 'DevToolsFrame'
JavaScript error: resource://gre/modules/AsyncShutdown.jsm, line 576: NotFoundError: No such JSWindowActor 'DevToolsFrame'
JavaScript error: resource://gre/modules/AsyncShutdown.jsm, line 576: NotFoundError: No such JSWindowActor 'DevToolsFrame'
JavaScript error: resource://gre/modules/AsyncShutdown.jsm, line 576: NotFoundError: No such JSWindowActor 'DevToolsFrame'
1667576554348	Marionette	INFO	Stopped listening on port 36517
Sandbox: Unexpected EOF, op 0 flags 00 path /proc/cpuinfo
1667576556959	Marionette	INFO	Stopped listening on port 33947
console.warn: TopSitesFeed: Failed to fetch data from Contile server: NetworkError when attempting to fetch resource.
Sandbox: Unexpected EOF, op 0 flags 00 path /proc/cpuinfo
1667645448110	geckodriver	INFO	Listening on 127.0.0.1:56755
1667645448650	mozrunner::runner	INFO	Running command: "/usr/bin/firefox" "--marionette" "--remote-debugging-port" "58259" "--remote-allow-hosts" "localhost" "-no-remote" "-profile" "/tmp/rust_mozprofileShSDqU"
[GFX1-]: glxtest: libEGL missing methods for GL test
[GFX1-]: glxtest: libEGL missing eglGetDisplayDriverName
1667645449400	Marionette	INFO	Marionette enabled
1667645449409	Marionette	INFO	Listening on port 44427
Read port: 44427
WebDriver BiDi listening on ws://127.0.0.1:58259
1667645449564	RemoteAgent	WARN	TLS certificate errors will be ignored for this session
console.warn: SearchSettings: "get: No settings file exists, new profile?" (new NotFoundError("Could not open the file at /tmp/rust_mozprofileShSDqU/search.json.mozlz4", (void 0)))
DevTools listening on ws://127.0.0.1:58259/devtools/browser/28230072-2fd0-4ecd-8c92-cb5921a7e317
1667645486059	Marionette	INFO	Stopped listening on port 44427
console.warn: TopSitesFeed: Failed to fetch data from Contile server: NetworkError when attempting to fetch resource.
1667645488560	geckodriver	INFO	Listening on 127.0.0.1:32933
1667645488623	mozrunner::runner	INFO	Running command: "/usr/bin/firefox" "--marionette" "--remote-debugging-port" "33367" "--remote-allow-hosts" "localhost" "-no-remote" "-profile" "/tmp/rust_mozprofile5emdLt"
[GFX1-]: glxtest: libEGL missing methods for GL test
[GFX1-]: glxtest: libEGL missing eglGetDisplayDriverName
1667645489388	Marionette	INFO	Marionette enabled
1667645489394	Marionette	INFO	Listening on port 38559
Read port: 38559
WebDriver BiDi listening on ws://127.0.0.1:33367
1667645489529	RemoteAgent	WARN	TLS certificate errors will be ignored for this session
console.warn: SearchSettings: "get: No settings file exists, new profile?" (new NotFoundError("Could not open the file at /tmp/rust_mozprofile5emdLt/search.json.mozlz4", (void 0)))
DevTools listening on ws://127.0.0.1:33367/devtools/browser/d41f35ce-6200-4b4d-a912-ee574fa17212
1667645509139	Marionette	INFO	Stopped listening on port 38559
console.warn: TopSitesFeed: Failed to fetch data from Contile server: NetworkError when attempting to fetch resource.
1667645534705	geckodriver	INFO	Listening on 127.0.0.1:47989
1667645534768	mozrunner::runner	INFO	Running command: "/usr/bin/firefox" "--marionette" "--remote-debugging-port" "38709" "--remote-allow-hosts" "localhost" "-no-remote" "-profile" "/tmp/rust_mozprofileZtHc4s"
[GFX1-]: glxtest: libEGL missing methods for GL test
[GFX1-]: glxtest: libEGL missing eglGetDisplayDriverName
1667645535503	Marionette	INFO	Marionette enabled
1667645535508	Marionette	INFO	Listening on port 36557
Read port: 36557
WebDriver BiDi listening on ws://127.0.0.1:38709
1667645535643	RemoteAgent	WARN	TLS certificate errors will be ignored for this session
console.warn: SearchSettings: "get: No settings file exists, new profile?" (new NotFoundError("Could not open the file at /tmp/rust_mozprofileZtHc4s/search.json.mozlz4", (void 0)))
DevTools listening on ws://127.0.0.1:38709/devtools/browser/1fee2402-d394-45da-ba64-0dd70a5922bb
console.warn: LoginRecipes: "Falling back to a synchronous message for: https://twitter.com."
console.warn: LoginRecipes: "Falling back to a synchronous message for: https://twitter.com."
console.warn: LoginRecipes: "Falling back to a synchronous message for: https://twitter.com."
console.warn: LoginRecipes: "Falling back to a synchronous message for: https://twitter.com."
console.warn: LoginRecipes: "Falling back to a synchronous message for: https://twitter.com."
console.warn: LoginRecipes: "Falling back to a synchronous message for: https://twitter.com."
console.warn: LoginRecipes: "Falling back to a synchronous message for: https://twitter.com."
console.warn: LoginRecipes: "Falling back to a synchronous message for: https://twitter.com."
console.warn: LoginRecipes: "Falling back to a synchronous message for: https://twitter.com."
console.warn: LoginRecipes: "Falling back to a synchronous message for: https://twitter.com."
console.warn: LoginRecipes: "Falling back to a synchronous message for: https://twitter.com."
console.warn: LoginRecipes: "Falling back to a synchronous message for: https://twitter.com."
console.warn: LoginRecipes: "Falling back to a synchronous message for: https://twitter.com."
console.warn: LoginRecipes: "Falling back to a synchronous message for: https://twitter.com."
console.warn: LoginRecipes: "Falling back to a synchronous message for: https://twitter.com."
console.warn: LoginRecipes: "Falling back to a synchronous message for: https://twitter.com."
console.warn: LoginRecipes: "Falling back to a synchronous message for: https://twitter.com."
console.warn: LoginRecipes: "Falling back to a synchronous message for: https://twitter.com."
console.warn: LoginRecipes: "Falling back to a synchronous message for: https://twitter.com."
console.warn: LoginRecipes: "Falling back to a synchronous message for: https://twitter.com."
console.warn: LoginRecipes: "Falling back to a synchronous message for: https://twitter.com."
console.warn: LoginRecipes: "Falling back to a synchronous message for: https://twitter.com."
console.warn: LoginRecipes: "Falling back to a synchronous message for: https://twitter.com."
console.warn: LoginRecipes: "Falling back to a synchronous message for: https://twitter.com."
console.warn: LoginRecipes: "Falling back to a synchronous message for: https://twitter.com."
console.warn: LoginRecipes: "Falling back to a synchronous message for: https://twitter.com."
console.warn: LoginRecipes: "Falling back to a synchronous message for: https://twitter.com."
console.warn: LoginRecipes: "Falling back to a synchronous message for: https://twitter.com."
console.warn: LoginRecipes: "Falling back to a synchronous message for: https://twitter.com."
console.warn: LoginRecipes: "Falling back to a synchronous message for: https://twitter.com."
JavaScript error: https://abs.twimg.com/responsive-web/client-web/main.b8098a79.js, line 7: Error: ApiError: https://api.twitter.com/1.1/jot/client_event.json HTTP-0 codes:[1004] trace_ids:[null]
JavaScript error: https://abs.twimg.com/responsive-web/client-web/main.b8098a79.js, line 7: Error: ApiError: https://twitter.com/i/api/1.1/jot/ces/p2 HTTP-0 codes:[1004] trace_ids:[null]
JavaScript warning: https://client-api.arkoselabs.com/cdn/fc/js/abf190b8df7089f6df404a38d4e76d5a588d2b97/standard/funcaptcha_api.js?onload=loadChallenge, line 2: WEBGL_debug_renderer_info is deprecated in Firefox and will be removed. Please use RENDERER.
1667646873094	Marionette	INFO	Stopped listening on port 36557
console.warn: TopSitesFeed: Failed to fetch data from Contile server: NetworkError when attempting to fetch resource.
1667646881583	geckodriver	INFO	Listening on 127.0.0.1:56131
1667646881643	mozrunner::runner	INFO	Running command: "/usr/bin/firefox" "--marionette" "--remote-debugging-port" "54831" "--remote-allow-hosts" "localhost" "-no-remote" "-profile" "/tmp/rust_mozprofile412Tfp"
[GFX1-]: glxtest: libEGL missing methods for GL test
[GFX1-]: glxtest: libEGL missing eglGetDisplayDriverName
1667646882476	Marionette	INFO	Marionette enabled
1667646882482	Marionette	INFO	Listening on port 35515
Read port: 35515
WebDriver BiDi listening on ws://127.0.0.1:54831
1667646882616	RemoteAgent	WARN	TLS certificate errors will be ignored for this session
console.warn: SearchSettings: "get: No settings file exists, new profile?" (new NotFoundError("Could not open the file at /tmp/rust_mozprofile412Tfp/search.json.mozlz4", (void 0)))
DevTools listening on ws://127.0.0.1:54831/devtools/browser/813f3055-42b4-4fe4-99bb-5927f8fd83d5
console.warn: LoginRecipes: "Falling back to a synchronous message for: https://twitter.com."
console.warn: LoginRecipes: "Falling back to a synchronous message for: https://twitter.com."
console.warn: LoginRecipes: "Falling back to a synchronous message for: https://twitter.com."
console.warn: LoginRecipes: "Falling back to a synchronous message for: https://twitter.com."
JavaScript error: resource://gre/modules/AsyncShutdown.jsm, line 576: NotFoundError: No such JSWindowActor 'DevToolsFrame'
JavaScript error: resource://gre/modules/AsyncShutdown.jsm, line 576: NotFoundError: No such JSWindowActor 'DevToolsFrame'
1667647000579	Marionette	INFO	Stopped listening on port 35515
1667647002653	geckodriver	INFO	Listening on 127.0.0.1:42293
1667647002715	mozrunner::runner	INFO	Running command: "/usr/bin/firefox" "--marionette" "--remote-debugging-port" "55055" "--remote-allow-hosts" "localhost" "-no-remote" "-profile" "/tmp/rust_mozprofileVrNP28"
[GFX1-]: glxtest: libEGL missing methods for GL test
[GFX1-]: glxtest: libEGL missing eglGetDisplayDriverName
1667647003453	Marionette	INFO	Marionette enabled
1667647003458	Marionette	INFO	Listening on port 36847
Read port: 36847
WebDriver BiDi listening on ws://127.0.0.1:55055
1667647003604	RemoteAgent	WARN	TLS certificate errors will be ignored for this session
console.warn: SearchSettings: "get: No settings file exists, new profile?" (new NotFoundError("Could not open the file at /tmp/rust_mozprofileVrNP28/search.json.mozlz4", (void 0)))
DevTools listening on ws://127.0.0.1:55055/devtools/browser/ddfff0c1-f48e-4e20-a379-1343e6ba5938
console.warn: LoginRecipes: "Falling back to a synchronous message for: https://twitter.com."
console.warn: LoginRecipes: "Falling back to a synchronous message for: https://twitter.com."
console.warn: LoginRecipes: "Falling back to a synchronous message for: https://twitter.com."
console.warn: LoginRecipes: "Falling back to a synchronous message for: https://twitter.com."
console.warn: LoginRecipes: "Falling back to a synchronous message for: https://twitter.com."
console.warn: LoginRecipes: "Falling back to a synchronous message for: https://twitter.com."
console.warn: LoginRecipes: "Falling back to a synchronous message for: https://twitter.com."
console.warn: LoginRecipes: "Falling back to a synchronous message for: https://twitter.com."
console.warn: LoginRecipes: "Falling back to a synchronous message for: https://twitter.com."
1667647094034	geckodriver	INFO	Listening on 127.0.0.1:60633
1667647094099	mozrunner::runner	INFO	Running command: "/usr/bin/firefox" "--marionette" "--remote-debugging-port" "37213" "--remote-allow-hosts" "localhost" "-no-remote" "-profile" "/tmp/rust_mozprofileQNajFx"
[GFX1-]: glxtest: libEGL missing methods for GL test
[GFX1-]: glxtest: libEGL missing eglGetDisplayDriverName
1667647094920	Marionette	INFO	Marionette enabled
1667647094925	Marionette	INFO	Listening on port 34729
Read port: 34729
WebDriver BiDi listening on ws://127.0.0.1:37213
1667647095098	RemoteAgent	WARN	TLS certificate errors will be ignored for this session
console.warn: SearchSettings: "get: No settings file exists, new profile?" (new NotFoundError("Could not open the file at /tmp/rust_mozprofileQNajFx/search.json.mozlz4", (void 0)))
DevTools listening on ws://127.0.0.1:37213/devtools/browser/a4dc3f38-9e4f-41e0-8419-72470b128111
console.warn: LoginRecipes: "Falling back to a synchronous message for: https://twitter.com."
console.warn: LoginRecipes: "Falling back to a synchronous message for: https://twitter.com."
console.warn: LoginRecipes: "Falling back to a synchronous message for: https://twitter.com."
console.warn: LoginRecipes: "Falling back to a synchronous message for: https://twitter.com."
console.warn: LoginRecipes: "Falling back to a synchronous message for: https://twitter.com."
console.warn: LoginRecipes: "Falling back to a synchronous message for: https://twitter.com."
console.warn: LoginRecipes: "Falling back to a synchronous message for: https://twitter.com."
console.warn: LoginRecipes: "Falling back to a synchronous message for: https://twitter.com."
console.warn: LoginRecipes: "Falling back to a synchronous message for: https://twitter.com."
console.warn: LoginRecipes: "Falling back to a synchronous message for: https://twitter.com."
console.warn: LoginRecipes: "Falling back to a synchronous message for: https://twitter.com."
1667647128303	Marionette	INFO	Stopped listening on port 34729
console.warn: TopSitesFeed: Failed to fetch data from Contile server: NetworkError when attempting to fetch resource.
console.warn: LoginRecipes: "Falling back to a synchronous message for: https://twitter.com."
console.warn: LoginRecipes: "Falling back to a synchronous message for: https://twitter.com."
console.warn: LoginRecipes: "Falling back to a synchronous message for: https://twitter.com."
console.warn: LoginRecipes: "Falling back to a synchronous message for: https://twitter.com."
console.warn: LoginRecipes: "Falling back to a synchronous message for: https://twitter.com."
console.warn: LoginRecipes: "Falling back to a synchronous message for: https://twitter.com."
console.error: "Error while calling actor 'pagestyle's method 'getLayout'" "node is null"
console.error: (new TypeError("node is null", "resource://devtools/server/actors/page-style.js", 1003))
console.error: (new TypeError("parent is null", "resource://devtools/client/inspector/shared/style-change-tracker.js", 67))
TypeError: parent is null: canMutationImpactCurrentStyles@resource://devtools/client/inspector/shared/style-change-tracker.js:67:24
onMutations@resource://devtools/client/inspector/shared/style-change-tracker.js:84:41
_emit@resource://devtools/shared/event-emitter.js:242:32
emit@resource://devtools/shared/event-emitter.js:186:18
emit@resource://devtools/shared/event-emitter.js:330:18
getMutations@resource://devtools/client/fronts/walker.js:311:10

console.error: (new Error("Protocol error (TypeError): node is null from: server0.conn0.windowGlobal4294967298/pagestyle23 (resource://devtools/server/actors/page-style.js:1003:5)", "resource://devtools/shared/protocol/Front.js", 383))
1667649606045	geckodriver	INFO	Listening on 127.0.0.1:43735
1667649606097	mozrunner::runner	INFO	Running command: "/usr/bin/firefox" "--marionette" "--remote-debugging-port" "56531" "--remote-allow-hosts" "localhost" "-no-remote" "-profile" "/tmp/rust_mozprofileFR94BN"
[GFX1-]: glxtest: libEGL missing methods for GL test
[GFX1-]: glxtest: libEGL missing eglGetDisplayDriverName
1667649606810	Marionette	INFO	Marionette enabled
1667649606815	Marionette	INFO	Listening on port 35353
Read port: 35353
WebDriver BiDi listening on ws://127.0.0.1:56531
1667649606970	RemoteAgent	WARN	TLS certificate errors will be ignored for this session
console.warn: SearchSettings: "get: No settings file exists, new profile?" (new NotFoundError("Could not open the file at /tmp/rust_mozprofileFR94BN/search.json.mozlz4", (void 0)))
DevTools listening on ws://127.0.0.1:56531/devtools/browser/5d9b42e9-3fee-4a4c-872f-77b4a2b76b2d
console.warn: LoginRecipes: "Falling back to a synchronous message for: https://twitter.com."
console.warn: LoginRecipes: "Falling back to a synchronous message for: https://twitter.com."
console.warn: LoginRecipes: "Falling back to a synchronous message for: https://twitter.com."
console.warn: LoginRecipes: "Falling back to a synchronous message for: https://twitter.com."
console.warn: LoginRecipes: "Falling back to a synchronous message for: https://twitter.com."
console.warn: LoginRecipes: "Falling back to a synchronous message for: https://twitter.com."
console.warn: LoginRecipes: "Falling back to a synchronous message for: https://twitter.com."
console.warn: LoginRecipes: "Falling back to a synchronous message for: https://twitter.com."
console.warn: LoginRecipes: "Falling back to a synchronous message for: https://twitter.com."
1667649737740	geckodriver	INFO	Listening on 127.0.0.1:46271
1667649737800	mozrunner::runner	INFO	Running command: "/usr/bin/firefox" "--marionette" "--remote-debugging-port" "43843" "--remote-allow-hosts" "localhost" "-no-remote" "-profile" "/tmp/rust_mozprofile2NTh2R"
[GFX1-]: glxtest: libEGL missing methods for GL test
[GFX1-]: glxtest: libEGL missing eglGetDisplayDriverName
1667649738492	Marionette	INFO	Marionette enabled
1667649738497	Marionette	INFO	Listening on port 42207
Read port: 42207
WebDriver BiDi listening on ws://127.0.0.1:43843
1667649738630	RemoteAgent	WARN	TLS certificate errors will be ignored for this session
console.warn: SearchSettings: "get: No settings file exists, new profile?" (new NotFoundError("Could not open the file at /tmp/rust_mozprofile2NTh2R/search.json.mozlz4", (void 0)))
DevTools listening on ws://127.0.0.1:43843/devtools/browser/938e305a-c96f-4d5c-9820-8666c8eca6dc
console.warn: LoginRecipes: "Falling back to a synchronous message for: https://twitter.com."
console.warn: LoginRecipes: "Falling back to a synchronous message for: https://twitter.com."
console.warn: LoginRecipes: "Falling back to a synchronous message for: https://twitter.com."
console.warn: LoginRecipes: "Falling back to a synchronous message for: https://twitter.com."
console.warn: LoginRecipes: "Falling back to a synchronous message for: https://twitter.com."
console.warn: LoginRecipes: "Falling back to a synchronous message for: https://twitter.com."
console.warn: LoginRecipes: "Falling back to a synchronous message for: https://twitter.com."
console.warn: LoginRecipes: "Falling back to a synchronous message for: https://twitter.com."
console.warn: LoginRecipes: "Falling back to a synchronous message for: https://twitter.com."
console.error: "Error while calling actor 'pagestyle's method 'getLayout'" "node is null"
console.error: (new TypeError("node is null", "resource://devtools/server/actors/page-style.js", 1003))
console.error: (new Error("Protocol error (TypeError): node is null from: server0.conn0.windowGlobal4294967298/pagestyle23 (resource://devtools/server/actors/page-style.js:1003:5)", "resource://devtools/shared/protocol/Front.js", 383))
console.warn: LoginRecipes: "Falling back to a synchronous message for: https://twitter.com."
console.warn: LoginRecipes: "Falling back to a synchronous message for: https://twitter.com."
console.warn: LoginRecipes: "Falling back to a synchronous message for: https://twitter.com."
console.warn: LoginRecipes: "Falling back to a synchronous message for: https://twitter.com."
console.warn: LoginRecipes: "Falling back to a synchronous message for: https://twitter.com."
console.warn: LoginRecipes: "Falling back to a synchronous message for: https://twitter.com."
console.warn: LoginRecipes: "Falling back to a synchronous message for: https://twitter.com."
console.warn: LoginRecipes: "Falling back to a synchronous message for: https://twitter.com."
1667650562076	geckodriver	INFO	Listening on 127.0.0.1:53023
1667650562139	mozrunner::runner	INFO	Running command: "/usr/bin/firefox" "--marionette" "--remote-debugging-port" "60355" "--remote-allow-hosts" "localhost" "-no-remote" "-profile" "/tmp/rust_mozprofileTclWBO"
[GFX1-]: glxtest: libEGL missing methods for GL test
[GFX1-]: glxtest: libEGL missing eglGetDisplayDriverName
1667650562827	Marionette	INFO	Marionette enabled
1667650562831	Marionette	INFO	Listening on port 42653
Read port: 42653
WebDriver BiDi listening on ws://127.0.0.1:60355
1667650562962	RemoteAgent	WARN	TLS certificate errors will be ignored for this session
console.warn: SearchSettings: "get: No settings file exists, new profile?" (new NotFoundError("Could not open the file at /tmp/rust_mozprofileTclWBO/search.json.mozlz4", (void 0)))
DevTools listening on ws://127.0.0.1:60355/devtools/browser/1e83a795-591c-4ae2-b483-d70e09104e6b
console.warn: LoginRecipes: "Falling back to a synchronous message for: https://twitter.com."
console.warn: LoginRecipes: "Falling back to a synchronous message for: https://twitter.com."
console.warn: LoginRecipes: "Falling back to a synchronous message for: https://twitter.com."
console.warn: LoginRecipes: "Falling back to a synchronous message for: https://twitter.com."
console.warn: LoginRecipes: "Falling back to a synchronous message for: https://twitter.com."
console.warn: LoginRecipes: "Falling back to a synchronous message for: https://twitter.com."
console.warn: LoginRecipes: "Falling back to a synchronous message for: https://twitter.com."
console.warn: LoginRecipes: "Falling back to a synchronous message for: https://twitter.com."
console.warn: LoginRecipes: "Falling back to a synchronous message for: https://twitter.com."
console.warn: LoginRecipes: "Falling back to a synchronous message for: https://twitter.com."
console.warn: LoginRecipes: "Falling back to a synchronous message for: https://twitter.com."
console.warn: LoginRecipes: "Falling back to a synchronous message for: https://twitter.com."
console.warn: LoginRecipes: "Falling back to a synchronous message for: https://twitter.com."
console.warn: LoginRecipes: "Falling back to a synchronous message for: https://twitter.com."
console.warn: LoginRecipes: "Falling back to a synchronous message for: https://twitter.com."
console.warn: LoginRecipes: "Falling back to a synchronous message for: https://twitter.com."
console.warn: LoginRecipes: "Falling back to a synchronous message for: https://twitter.com."
console.warn: LoginRecipes: "Falling back to a synchronous message for: https://twitter.com."
console.warn: LoginRecipes: "Falling back to a synchronous message for: https://twitter.com."
console.warn: LoginRecipes: "Falling back to a synchronous message for: https://twitter.com."
console.warn: LoginRecipes: "Falling back to a synchronous message for: https://twitter.com."
console.warn: LoginRecipes: "Falling back to a synchronous message for: https://twitter.com."
console.warn: LoginRecipes: "Falling back to a synchronous message for: https://twitter.com."
console.warn: LoginRecipes: "Falling back to a synchronous message for: https://twitter.com."
console.warn: LoginRecipes: "Falling back to a synchronous message for: https://twitter.com."
console.warn: LoginRecipes: "Falling back to a synchronous message for: https://twitter.com."
console.warn: LoginRecipes: "Falling back to a synchronous message for: https://twitter.com."
console.warn: LoginRecipes: "Falling back to a synchronous message for: https://twitter.com."
console.warn: LoginRecipes: "Falling back to a synchronous message for: https://twitter.com."
console.warn: LoginRecipes: "Falling back to a synchronous message for: https://twitter.com."
console.warn: LoginRecipes: "Falling back to a synchronous message for: https://twitter.com."
console.warn: LoginRecipes: "Falling back to a synchronous message for: https://twitter.com."
console.warn: LoginRecipes: "Falling back to a synchronous message for: https://twitter.com."
1667650782606	geckodriver	INFO	Listening on 127.0.0.1:43381
1667650782666	mozrunner::runner	INFO	Running command: "/usr/bin/firefox" "--marionette" "--remote-debugging-port" "37699" "--remote-allow-hosts" "localhost" "-no-remote" "-profile" "/tmp/rust_mozprofilekb8nHR"
[GFX1-]: glxtest: libEGL missing methods for GL test
[GFX1-]: glxtest: libEGL missing eglGetDisplayDriverName
1667650783372	Marionette	INFO	Marionette enabled
1667650783377	Marionette	INFO	Listening on port 34805
Read port: 34805
WebDriver BiDi listening on ws://127.0.0.1:37699
1667650783534	RemoteAgent	WARN	TLS certificate errors will be ignored for this session
console.warn: SearchSettings: "get: No settings file exists, new profile?" (new NotFoundError("Could not open the file at /tmp/rust_mozprofilekb8nHR/search.json.mozlz4", (void 0)))
DevTools listening on ws://127.0.0.1:37699/devtools/browser/721a2b1c-9269-4ac2-9bdc-5c595ac7b550
console.warn: LoginRecipes: "Falling back to a synchronous message for: https://twitter.com."
console.warn: LoginRecipes: "Falling back to a synchronous message for: https://twitter.com."
console.warn: LoginRecipes: "Falling back to a synchronous message for: https://twitter.com."
console.warn: LoginRecipes: "Falling back to a synchronous message for: https://twitter.com."
console.warn: LoginRecipes: "Falling back to a synchronous message for: https://twitter.com."
console.warn: LoginRecipes: "Falling back to a synchronous message for: https://twitter.com."
console.warn: LoginRecipes: "Falling back to a synchronous message for: https://twitter.com."
console.warn: LoginRecipes: "Falling back to a synchronous message for: https://twitter.com."
console.warn: LoginRecipes: "Falling back to a synchronous message for: https://twitter.com."
1667652197279	Marionette	INFO	Stopped listening on port 35353
console.warn: TopSitesFeed: Failed to fetch data from Contile server: NetworkError when attempting to fetch resource.
Sandbox: Unexpected EOF, op 0 flags 00 path /proc/cpuinfo
1667652198752	Marionette	INFO	Stopped listening on port 34805
console.warn: TopSitesFeed: Failed to fetch data from Contile server: NetworkError when attempting to fetch resource.
Sandbox: Unexpected EOF, op 0 flags 00 path /proc/cpuinfo
1667652432389	geckodriver	INFO	Listening on 127.0.0.1:36107
1667652432455	mozrunner::runner	INFO	Running command: "/usr/bin/firefox" "--marionette" "--remote-debugging-port" "48459" "--remote-allow-hosts" "localhost" "-no-remote" "-profile" "/tmp/rust_mozprofileRfBoPb"
[GFX1-]: glxtest: libEGL missing methods for GL test
[GFX1-]: glxtest: libEGL missing eglGetDisplayDriverName
1667652433144	Marionette	INFO	Marionette enabled
1667652433148	Marionette	INFO	Listening on port 40731
Read port: 40731
WebDriver BiDi listening on ws://127.0.0.1:48459
1667652433279	RemoteAgent	WARN	TLS certificate errors will be ignored for this session
console.warn: SearchSettings: "get: No settings file exists, new profile?" (new NotFoundError("Could not open the file at /tmp/rust_mozprofileRfBoPb/search.json.mozlz4", (void 0)))
DevTools listening on ws://127.0.0.1:48459/devtools/browser/5f059d3e-62c4-4629-982b-d7075249a844
console.warn: LoginRecipes: "Falling back to a synchronous message for: https://twitter.com."
console.warn: LoginRecipes: "Falling back to a synchronous message for: https://twitter.com."
console.warn: LoginRecipes: "Falling back to a synchronous message for: https://twitter.com."
console.warn: LoginRecipes: "Falling back to a synchronous message for: https://twitter.com."
console.warn: LoginRecipes: "Falling back to a synchronous message for: https://twitter.com."
console.warn: LoginRecipes: "Falling back to a synchronous message for: https://twitter.com."
console.warn: LoginRecipes: "Falling back to a synchronous message for: https://twitter.com."
console.warn: LoginRecipes: "Falling back to a synchronous message for: https://twitter.com."
console.warn: LoginRecipes: "Falling back to a synchronous message for: https://twitter.com."
1667652757975	Marionette	INFO	Stopped listening on port 42207
console.warn: TopSitesFeed: Failed to fetch data from Contile server: NetworkError when attempting to fetch resource.
Sandbox: Unexpected EOF, op 0 flags 00 path /proc/cpuinfo
1667652761844	Marionette	INFO	Stopped listening on port 42653
console.warn: TopSitesFeed: Failed to fetch data from Contile server: NetworkError when attempting to fetch resource.
Sandbox: Unexpected EOF, op 0 flags 00 path /proc/cpuinfo
1667652763915	Marionette	INFO	Stopped listening on port 40731
console.warn: TopSitesFeed: Failed to fetch data from Contile server: NetworkError when attempting to fetch resource.
Sandbox: Unexpected EOF, op 0 flags 00 path /proc/cpuinfo
1667652791784	geckodriver	INFO	Listening on 127.0.0.1:34959
1667652791839	mozrunner::runner	INFO	Running command: "/usr/bin/firefox" "--marionette" "--remote-debugging-port" "58701" "--remote-allow-hosts" "localhost" "-no-remote" "-profile" "/tmp/rust_mozprofilekBYo6X"
[GFX1-]: glxtest: libEGL missing methods for GL test
[GFX1-]: glxtest: libEGL missing eglGetDisplayDriverName
1667652792532	Marionette	INFO	Marionette enabled
1667652792537	Marionette	INFO	Listening on port 38325
Read port: 38325
WebDriver BiDi listening on ws://127.0.0.1:58701
1667652792668	RemoteAgent	WARN	TLS certificate errors will be ignored for this session
console.warn: SearchSettings: "get: No settings file exists, new profile?" (new NotFoundError("Could not open the file at /tmp/rust_mozprofilekBYo6X/search.json.mozlz4", (void 0)))
DevTools listening on ws://127.0.0.1:58701/devtools/browser/fc715387-dbd3-4633-bada-d30107cedfb2
console.warn: LoginRecipes: "Falling back to a synchronous message for: https://twitter.com."
console.warn: LoginRecipes: "Falling back to a synchronous message for: https://twitter.com."
console.warn: LoginRecipes: "Falling back to a synchronous message for: https://twitter.com."
console.warn: LoginRecipes: "Falling back to a synchronous message for: https://twitter.com."
console.warn: LoginRecipes: "Falling back to a synchronous message for: https://twitter.com."
console.warn: LoginRecipes: "Falling back to a synchronous message for: https://twitter.com."
console.warn: LoginRecipes: "Falling back to a synchronous message for: https://twitter.com."
console.warn: LoginRecipes: "Falling back to a synchronous message for: https://twitter.com."
console.warn: LoginRecipes: "Falling back to a synchronous message for: https://twitter.com."
